<?xml version="1.0" encoding="UTF-8"?>
<!-- Generated by org.testng.reporters.JUnitReportReporter -->
<testsuite hostname="Saifuls-MBP.lan" failures="0" tests="1" name="selenium.LinkTest" time="43.827" errors="0" timestamp="2024-04-10T17:55:19 EDT" skipped="0">
  <testcase classname="selenium.LinkTest" name="countlinks" time="43.827"/>
</testsuite> <!-- selenium.LinkTest -->
